2020-05-27 10:54:41  [ http-nio-3434-exec-1:0 ] - [ DEBUG ]  /fresh?type=0
2020-05-30 13:33:30  [ http-nio-3434-exec-6:0 ] - [ DEBUG ]  /fresh?type=0
2020-05-30 13:33:33  [ http-nio-3434-exec-8:3054 ] - [ DEBUG ]  /fresh?type=1
2020-05-30 13:33:34  [ http-nio-3434-exec-10:4192 ] - [ DEBUG ]  sale/findAll
2020-05-30 13:33:42  [ http-nio-3434-exec-2:12087 ] - [ DEBUG ]  /fresh?type=3
2020-05-30 13:33:46  [ http-nio-3434-exec-3:16324 ] - [ DEBUG ]  sale/findAll
2020-05-30 13:33:47  [ http-nio-3434-exec-1:16848 ] - [ DEBUG ]  /fresh?type=1
2020-05-30 13:33:47  [ http-nio-3434-exec-5:17474 ] - [ DEBUG ]  /fresh?type=0
2020-05-30 13:34:44  [ http-nio-3434-exec-4:74202 ] - [ DEBUG ]  /fresh?type=0
2020-05-30 13:34:49  [ http-nio-3434-exec-2:78799 ] - [ DEBUG ]  /fresh?type=0
2020-05-30 13:34:50  [ http-nio-3434-exec-3:79728 ] - [ DEBUG ]  sale/findAll
2020-05-30 13:35:34  [ http-nio-3434-exec-5:123600 ] - [ DEBUG ]  /fresh?type=0
2020-05-30 13:35:36  [ http-nio-3434-exec-7:126064 ] - [ DEBUG ]  /fresh?type=1
2020-05-30 13:35:37  [ http-nio-3434-exec-4:127203 ] - [ DEBUG ]  sale/findAll
2020-05-30 13:35:38  [ http-nio-3434-exec-10:128043 ] - [ DEBUG ]  /fresh?type=3
2020-05-30 13:35:49  [ http-nio-3434-exec-3:138742 ] - [ DEBUG ]  /fresh?type=0
2020-06-02 09:57:54  [ http-nio-3434-exec-9:0 ] - [ DEBUG ]  /fresh?type=0
2020-06-02 09:57:58  [ http-nio-3434-exec-7:3789 ] - [ DEBUG ]  /fresh?type=1
2020-06-02 09:57:59  [ http-nio-3434-exec-5:5251 ] - [ DEBUG ]  sale/findAll
2020-06-02 09:58:04  [ http-nio-3434-exec-3:9732 ] - [ DEBUG ]  /fresh?type=3
2020-06-02 09:58:07  [ http-nio-3434-exec-2:12511 ] - [ DEBUG ]  /fresh?type=0
2020-06-02 10:09:44  [ http-nio-3434-exec-1:0 ] - [ DEBUG ]  /fresh?type=0
2020-06-02 10:10:50  [ http-nio-3434-exec-5:65896 ] - [ DEBUG ]  /fresh?type=0
2020-06-02 10:10:52  [ http-nio-3434-exec-7:67601 ] - [ DEBUG ]  /fresh?type=1
2020-06-02 10:11:02  [ http-nio-3434-exec-1:78143 ] - [ DEBUG ]  /fresh?type=0
2020-06-02 10:12:33  [ http-nio-3434-exec-6:169215 ] - [ DEBUG ]  /fresh?type=1
2020-06-02 10:12:39  [ http-nio-3434-exec-5:175279 ] - [ DEBUG ]  sale/findAll
2020-06-02 10:12:42  [ http-nio-3434-exec-4:177653 ] - [ DEBUG ]  /fresh?type=3
2020-06-02 10:12:44  [ http-nio-3434-exec-1:179554 ] - [ DEBUG ]  /fresh?type=1
2020-06-02 10:14:46  [ http-nio-3434-exec-1:302074 ] - [ DEBUG ]  /fresh?type=1
2020-06-02 10:15:02  [ http-nio-3434-exec-6:317980 ] - [ DEBUG ]  /fresh?type=1
2020-06-02 10:15:05  [ http-nio-3434-exec-4:320605 ] - [ DEBUG ]  /fresh?type=0
2020-06-02 10:15:09  [ http-nio-3434-exec-9:324532 ] - [ DEBUG ]  /fresh?type=1
2020-06-02 10:15:13  [ http-nio-3434-exec-3:328956 ] - [ DEBUG ]  sale/findAll
2020-06-02 10:15:14  [ http-nio-3434-exec-5:330187 ] - [ DEBUG ]  /fresh?type=3
2020-06-02 10:15:16  [ http-nio-3434-exec-6:331550 ] - [ DEBUG ]  /fresh?type=0
2020-06-02 14:56:06  [ http-nio-3434-exec-2:0 ] - [ DEBUG ]  /fresh?type=0
2020-06-02 15:04:46  [ http-nio-3434-exec-8:519753 ] - [ DEBUG ]  /fresh?type=0
2020-06-02 15:05:45  [ http-nio-3434-exec-10:578359 ] - [ DEBUG ]  /fresh?type=0
2020-06-02 15:07:45  [ http-nio-3434-exec-3:698796 ] - [ DEBUG ]  /fresh?type=1
2020-06-02 15:07:46  [ http-nio-3434-exec-1:699300 ] - [ DEBUG ]  sale/findAll
2020-06-02 15:07:46  [ http-nio-3434-exec-2:699837 ] - [ DEBUG ]  /fresh?type=1
2020-06-02 15:07:47  [ http-nio-3434-exec-10:700845 ] - [ DEBUG ]  sale/findAll
2020-06-02 15:07:48  [ http-nio-3434-exec-1:701172 ] - [ DEBUG ]  /fresh?type=3
2020-06-02 15:07:48  [ http-nio-3434-exec-3:701608 ] - [ DEBUG ]  /fresh?type=1
2020-06-02 15:07:49  [ http-nio-3434-exec-10:702054 ] - [ DEBUG ]  /fresh?type=0
2020-06-02 15:07:49  [ http-nio-3434-exec-6:702485 ] - [ DEBUG ]  /fresh?type=1
2020-06-02 15:07:51  [ http-nio-3434-exec-10:704968 ] - [ DEBUG ]  /fresh?type=1
2020-06-02 15:07:52  [ http-nio-3434-exec-9:705396 ] - [ DEBUG ]  /fresh?type=0
2020-06-02 15:07:53  [ http-nio-3434-exec-3:706544 ] - [ DEBUG ]  /fresh?type=0
2020-06-02 16:51:01  [ http-nio-3434-exec-5:6894060 ] - [ DEBUG ]  /fresh?type=0
2020-06-02 16:51:01  [ http-nio-3434-exec-2:6894853 ] - [ DEBUG ]  sale/findAll
2020-06-03 11:18:44  [ http-nio-3434-exec-2:0 ] - [ DEBUG ]  /fresh?type=0
2020-06-03 11:18:46  [ http-nio-3434-exec-4:1809 ] - [ DEBUG ]  sale/findAll
2020-06-03 11:18:46  [ http-nio-3434-exec-5:2302 ] - [ DEBUG ]  /fresh?type=1
2020-06-03 11:18:47  [ http-nio-3434-exec-4:2871 ] - [ DEBUG ]  sale/findAll
2020-06-03 11:19:34  [ http-nio-3434-exec-8:50245 ] - [ DEBUG ]  /fresh?type=0
2020-06-03 11:19:35  [ http-nio-3434-exec-7:51412 ] - [ DEBUG ]  sale/findAll
2020-06-03 11:19:37  [ http-nio-3434-exec-2:53398 ] - [ DEBUG ]  sale/findAll
2020-06-03 11:19:39  [ http-nio-3434-exec-4:54842 ] - [ DEBUG ]  sale/findAll
2020-06-03 11:19:40  [ http-nio-3434-exec-5:56489 ] - [ DEBUG ]  sale/findAll
2020-06-03 11:27:14  [ http-nio-3434-exec-4:510099 ] - [ DEBUG ]  sale/findAll
2020-06-03 11:43:31  [ http-nio-3434-exec-2:1487312 ] - [ DEBUG ]  /fresh?type=0
2020-06-03 11:47:05  [ http-nio-3434-exec-10:1701350 ] - [ DEBUG ]  /fresh?type=0
2020-06-03 11:47:06  [ http-nio-3434-exec-6:1702091 ] - [ DEBUG ]  sale/findAll
2020-06-03 11:47:11  [ http-nio-3434-exec-7:1707525 ] - [ DEBUG ]  sale/findAll
2020-06-03 11:48:25  [ http-nio-3434-exec-3:1781265 ] - [ DEBUG ]  /fresh?type=0
2020-06-03 13:13:02  [ http-nio-3434-exec-9:6858094 ] - [ DEBUG ]  /fresh?type=0
2020-06-03 13:27:08  [ http-nio-3434-exec-2:7704135 ] - [ DEBUG ]  /fresh?type=0
2020-06-03 13:49:35  [ http-nio-3434-exec-10:9050911 ] - [ DEBUG ]  /fresh?type=0
2020-06-03 13:57:54  [ http-nio-3434-exec-5:9550436 ] - [ DEBUG ]  /fresh?type=0
2020-06-03 13:58:03  [ http-nio-3434-exec-10:9559537 ] - [ DEBUG ]  /fresh?type=0
2020-06-03 13:58:06  [ http-nio-3434-exec-2:9562152 ] - [ DEBUG ]  /fresh?type=0
2020-06-03 13:58:14  [ http-nio-3434-exec-5:9570445 ] - [ DEBUG ]  /fresh?type=0
2020-06-03 13:58:16  [ http-nio-3434-exec-9:9571932 ] - [ DEBUG ]  /fresh?type=0
2020-06-03 13:58:17  [ http-nio-3434-exec-4:9572843 ] - [ DEBUG ]  /fresh?type=0
2020-06-03 13:58:20  [ http-nio-3434-exec-9:9576413 ] - [ DEBUG ]  /fresh?type=0
2020-06-03 13:58:24  [ http-nio-3434-exec-5:9580534 ] - [ DEBUG ]  /fresh?type=0
2020-06-03 14:01:16  [ http-nio-3434-exec-6:9752764 ] - [ DEBUG ]  /fresh?type=0
2020-06-05 16:06:55  [ http-nio-3434-exec-2:0 ] - [ DEBUG ]  sale/findAll
2020-06-05 17:46:57  [ http-nio-3434-exec-2:0 ] - [ DEBUG ]  sale/findAll
2020-06-05 17:48:04  [ http-nio-3434-exec-2:0 ] - [ DEBUG ]  sale/findAll
2020-06-05 17:50:46  [ http-nio-3434-exec-2:0 ] - [ DEBUG ]  sale/findAll
2020-06-05 17:53:46  [ http-nio-3434-exec-1:0 ] - [ DEBUG ]  sale/findAll
<<<<<<< HEAD
2020-06-08 19:49:42  [ http-nio-3434-exec-9:0 ] - [ DEBUG ]  /fresh?type=0
2020-06-08 19:49:42  [ http-nio-3434-exec-3:819 ] - [ DEBUG ]  /fresh?type=3
2020-06-08 19:49:45  [ http-nio-3434-exec-7:3017 ] - [ DEBUG ]  sale/findAll
2020-06-08 19:49:53  [ http-nio-3434-exec-1:11881 ] - [ DEBUG ]  sale/findAll
2020-06-08 19:50:05  [ http-nio-3434-exec-5:23872 ] - [ DEBUG ]  sale/findAll
2020-06-08 19:51:22  [ http-nio-3434-exec-3:100473 ] - [ DEBUG ]  /fresh?type=0
2020-06-08 19:51:23  [ http-nio-3434-exec-8:101607 ] - [ DEBUG ]  sale/findAll
2020-06-08 19:51:32  [ http-nio-3434-exec-10:110628 ] - [ DEBUG ]  /fresh?type=0
2020-06-08 19:51:33  [ http-nio-3434-exec-4:111463 ] - [ DEBUG ]  sale/findAll
2020-06-08 19:59:17  [ http-nio-3434-exec-7:575456 ] - [ DEBUG ]  sale/findAll
2020-06-08 19:59:21  [ http-nio-3434-exec-2:579114 ] - [ DEBUG ]  sale/findAll
2020-06-08 19:59:36  [ http-nio-3434-exec-9:594865 ] - [ DEBUG ]  /fresh?type=0
2020-06-08 19:59:38  [ http-nio-3434-exec-3:595971 ] - [ DEBUG ]  sale/findAll
2020-06-08 20:00:01  [ http-nio-3434-exec-7:619507 ] - [ DEBUG ]  /fresh?type=0
2020-06-08 20:00:02  [ http-nio-3434-exec-2:620185 ] - [ DEBUG ]  sale/findAll
2020-06-08 20:03:56  [ http-nio-3434-exec-7:854609 ] - [ DEBUG ]  /fresh?type=0
2020-06-08 20:03:57  [ http-nio-3434-exec-3:855196 ] - [ DEBUG ]  /fresh?type=3
2020-06-08 20:03:58  [ http-nio-3434-exec-6:856539 ] - [ DEBUG ]  sale/findAll
2020-06-08 20:04:01  [ http-nio-3434-exec-1:859702 ] - [ DEBUG ]  sale/findAll
2020-06-08 20:04:10  [ http-nio-3434-exec-9:867995 ] - [ DEBUG ]  /fresh?type=0
2020-06-08 20:05:50  [ http-nio-3434-exec-7:968930 ] - [ DEBUG ]  /fresh?type=0
2020-06-08 20:05:52  [ http-nio-3434-exec-10:970023 ] - [ DEBUG ]  /fresh?type=3
2020-06-08 20:11:59  [ http-nio-3434-exec-3:0 ] - [ DEBUG ]  /fresh?type=3
2020-06-08 20:12:00  [ http-nio-3434-exec-5:1131 ] - [ DEBUG ]  sale/findAll
2020-06-08 20:12:06  [ http-nio-3434-exec-10:6609 ] - [ DEBUG ]  sale/findAll
2020-06-08 20:12:57  [ http-nio-3434-exec-4:58526 ] - [ DEBUG ]  sale/findAll
2020-06-08 20:12:59  [ http-nio-3434-exec-8:60435 ] - [ DEBUG ]  sale/findAll
2020-06-08 20:13:13  [ http-nio-3434-exec-10:73921 ] - [ DEBUG ]  sale/findAll
2020-06-08 20:13:20  [ http-nio-3434-exec-3:81344 ] - [ DEBUG ]  sale/findAll
2020-06-08 20:13:22  [ http-nio-3434-exec-6:83126 ] - [ DEBUG ]  sale/findAll
2020-06-08 20:13:29  [ http-nio-3434-exec-2:90362 ] - [ DEBUG ]  sale/findAll
2020-06-08 20:13:35  [ http-nio-3434-exec-3:96338 ] - [ DEBUG ]  sale/findAll
2020-06-08 20:13:38  [ http-nio-3434-exec-5:99110 ] - [ DEBUG ]  /fresh?type=0
2020-06-08 20:13:40  [ http-nio-3434-exec-9:101521 ] - [ DEBUG ]  sale/findAll
2020-06-08 20:13:43  [ http-nio-3434-exec-3:103845 ] - [ DEBUG ]  sale/findAll
2020-06-08 20:13:57  [ http-nio-3434-exec-3:118531 ] - [ DEBUG ]  /fresh?type=0
2020-06-08 20:25:26  [ http-nio-3434-exec-4:0 ] - [ DEBUG ]  /fresh?type=0
2020-06-08 20:25:27  [ http-nio-3434-exec-8:1214 ] - [ DEBUG ]  sale/findAll
2020-06-08 20:25:31  [ http-nio-3434-exec-3:4993 ] - [ DEBUG ]  sale/findAll
2020-06-08 20:25:39  [ http-nio-3434-exec-10:12435 ] - [ DEBUG ]  /fresh?type=0
2020-06-08 20:51:01  [ http-nio-3434-exec-5:0 ] - [ DEBUG ]  /fresh?type=0
2020-06-08 20:59:25  [ http-nio-3434-exec-9:504214 ] - [ DEBUG ]  /fresh?type=0
2020-06-08 20:59:26  [ http-nio-3434-exec-4:505315 ] - [ DEBUG ]  sale/findAll
2020-06-08 21:00:01  [ http-nio-3434-exec-9:540396 ] - [ DEBUG ]  /fresh?type=0
2020-06-08 21:00:10  [ http-nio-3434-exec-9:549159 ] - [ DEBUG ]  /fresh?type=0
2020-06-08 21:12:09  [ http-nio-3434-exec-9:1268119 ] - [ DEBUG ]  /fresh?type=0
2020-06-08 21:12:10  [ http-nio-3434-exec-4:1268946 ] - [ DEBUG ]  /fresh?type=3
2020-06-08 21:12:11  [ http-nio-3434-exec-8:1269458 ] - [ DEBUG ]  sale/findAll
2020-06-08 21:12:41  [ http-nio-3434-exec-10:1299509 ] - [ DEBUG ]  /fresh?type=0
2020-06-08 21:12:41  [ http-nio-3434-exec-3:1300378 ] - [ DEBUG ]  sale/findAll
2020-06-08 21:12:44  [ http-nio-3434-exec-2:1302970 ] - [ DEBUG ]  /fresh?type=1
2020-06-08 21:12:45  [ http-nio-3434-exec-4:1303418 ] - [ DEBUG ]  sale/findAll
=======
2020-06-07 20:33:12  [ http-nio-3434-exec-5:0 ] - [ DEBUG ]  /fresh?type=0
2020-06-07 20:33:15  [ http-nio-3434-exec-4:3311 ] - [ DEBUG ]  /fresh?type=1
2020-06-07 20:33:21  [ http-nio-3434-exec-6:9251 ] - [ DEBUG ]  sale/findAll
2020-06-07 20:33:44  [ http-nio-3434-exec-3:32019 ] - [ DEBUG ]  /fresh?type=3
2020-06-07 20:33:49  [ http-nio-3434-exec-7:36760 ] - [ DEBUG ]  sale/findAll
>>>>>>> cbca415c0c11160b8615f74b1be94127a4e5f32b
